<?xml version="1.0" encoding="UTF-8"?>
<testng-results ignored="0" total="0" passed="0" failed="0" skipped="0">
  <reporter-output>
  </reporter-output>
  <suite started-at="2022-12-31T11:31:56 EST" name="Suite" finished-at="2022-12-31T11:31:56 EST" duration-ms="18">
    <groups>
    </groups>
    <test started-at="2022-12-31T11:31:56 EST" name="Test" finished-at="2022-12-31T11:31:56 EST" duration-ms="18">
      <class name="com.BaseTest">
        <test-method is-config="true" signature="beforeSuite()[pri:0, instance:com.BaseTest@24fcf36f]" started-at="2022-12-31T11:31:56 EST" name="beforeSuite" finished-at="2022-12-31T11:31:56 EST" duration-ms="10" status="PASS">
          <reporter-output>
          </reporter-output>
        </test-method> <!-- beforeSuite -->
        <test-method is-config="true" signature="beforeTest()[pri:0, instance:com.BaseTest@24fcf36f]" started-at="2022-12-31T11:31:56 EST" name="beforeTest" finished-at="2022-12-31T11:31:56 EST" duration-ms="1" status="PASS">
          <reporter-output>
          </reporter-output>
        </test-method> <!-- beforeTest -->
        <test-method is-config="true" signature="afterTest()[pri:0, instance:com.BaseTest@24fcf36f]" started-at="2022-12-31T11:31:56 EST" name="afterTest" finished-at="2022-12-31T11:31:56 EST" duration-ms="1" status="PASS">
          <reporter-output>
          </reporter-output>
        </test-method> <!-- afterTest -->
        <test-method is-config="true" signature="afterSuite()[pri:0, instance:com.BaseTest@24fcf36f]" started-at="2022-12-31T11:31:56 EST" name="afterSuite" finished-at="2022-12-31T11:31:56 EST" duration-ms="1" status="PASS">
          <reporter-output>
          </reporter-output>
        </test-method> <!-- afterSuite -->
      </class> <!-- com.BaseTest -->
    </test> <!-- Test -->
  </suite> <!-- Suite -->
</testng-results>
